生成启动时间为 2019/6/15 23:55:11。
     1>项目“E:\work\project1\dataEncProject\client\client\client.vcxproj”在节点 2 上(Rebuild 个目标)。
     1>_PrepareForClean:
         正在删除文件“E:\work\project1\dataEncProject\client\client\obj\x64\Debug\client.tlog\client.lastbuildstate”。
       _RemoteClean:
         Cleaning remote project directory
       InitializeBuildStatus:
         正在对“E:\work\project1\dataEncProject\client\client\obj\x64\Debug\client.tlog\unsuccessfulbuild”执行 Touch 任务。
       _ValidateValidArchitecture:
         Validating architecture
         Current project architecture 'x64' is compatible with the remote system architecture 'x64' ('x64').
       _ValidateSources:
         Validating sources
       _CopySources:
         Copying sources remotely to '106.14.126.211'
         Copying file 'E:\work\project1\dataEncProject\client\client\AesCrypto.cpp' to '/home/admin/projects/client/AesCrypto.cpp'
         Copying file 'E:\work\project1\dataEncProject\client\client\codec.cpp' to '/home/admin/projects/client/codec.cpp'
         Copying file 'E:\work\project1\dataEncProject\client\client\codecFactory.cpp' to '/home/admin/projects/client/codecFactory.cpp'
         Copying file 'E:\work\project1\dataEncProject\client\client\Cryptographic.cpp' to '/home/admin/projects/client/Cryptographic.cpp'
         Copying file 'E:\work\project1\dataEncProject\client\client\Hash.cpp' to '/home/admin/projects/client/Hash.cpp'
         Copying file 'E:\work\project1\dataEncProject\client\client\main.cpp' to '/home/admin/projects/client/main.cpp'
         Copying file 'E:\work\project1\dataEncProject\client\client\msg.pb.cc' to '/home/admin/projects/client/msg.pb.cc'
         Copying file 'E:\work\project1\dataEncProject\client\client\Request.cpp' to '/home/admin/projects/client/Request.cpp'
         Copying file 'E:\work\project1\dataEncProject\client\client\RequestFactory.cpp' to '/home/admin/projects/client/RequestFactory.cpp'
         Copying file 'E:\work\project1\dataEncProject\client\client\RespondFactory.cpp' to '/home/admin/projects/client/RespondFactory.cpp'
         Copying file 'E:\work\project1\dataEncProject\client\client\Response.cpp' to '/home/admin/projects/client/Response.cpp'
         Copying file 'E:\work\project1\dataEncProject\client\client\TcpServer.cpp' to '/home/admin/projects/client/TcpServer.cpp'
         Copying file 'E:\work\project1\dataEncProject\client\client\TcpSocket.cpp' to '/home/admin/projects/client/TcpSocket.cpp'
         Copying file 'E:\work\project1\dataEncProject\client\client\AesCrypto.h' to '/home/admin/projects/client/AesCrypto.h'
         Copying file 'E:\work\project1\dataEncProject\client\client\codec.h' to '/home/admin/projects/client/codec.h'
         Copying file 'E:\work\project1\dataEncProject\client\client\codecFactory.h' to '/home/admin/projects/client/codecFactory.h'
         Copying file 'E:\work\project1\dataEncProject\client\client\Cryptographic.h' to '/home/admin/projects/client/Cryptographic.h'
         Copying file 'E:\work\project1\dataEncProject\client\client\Hash.h' to '/home/admin/projects/client/Hash.h'
         Copying file 'E:\work\project1\dataEncProject\client\client\msg.pb.h' to '/home/admin/projects/client/msg.pb.h'
         Copying file 'E:\work\project1\dataEncProject\client\client\Request.h' to '/home/admin/projects/client/Request.h'
         Copying file 'E:\work\project1\dataEncProject\client\client\RequestFactory.h' to '/home/admin/projects/client/RequestFactory.h'
         Copying file 'E:\work\project1\dataEncProject\client\client\RespondFactory.h' to '/home/admin/projects/client/RespondFactory.h'
         Copying file 'E:\work\project1\dataEncProject\client\client\Response.h' to '/home/admin/projects/client/Response.h'
         Copying file 'E:\work\project1\dataEncProject\client\client\TcpServer.h' to '/home/admin/projects/client/TcpServer.h'
         Copying file 'E:\work\project1\dataEncProject\client\client\TcpSocket.h' to '/home/admin/projects/client/TcpSocket.h'
       ClCompile:
         Starting remote build
         Compiling sources:
         Invoking 'g++'
         g++ -c -x c++ /home/admin/projects/client/AesCrypto.cpp -g2 -gdwarf-2 -o "/home/admin/projects/client/obj/x64/Debug/AesCrypto.o" -Wall -Wswitch -W"no-deprecated-declarations" -W"empty-body" -Wconversion -W"return-type" -Wparentheses -W"no-format" -Wuninitialized -W"unreachable-code" -W"unused-function" -W"unused-value" -W"unused-variable" -O0 -fno-strict-aliasing -fno-omit-frame-pointer -fthreadsafe-statics -fexceptions -frtti -std=c++11
         AesCrypto.cpp
         /home/admin/projects/client/AesCrypto.cpp: In constructor ‘AesCrypto::AesCrypto(std::string)’:
         /home/admin/projects/client/AesCrypto.cpp:9:40: warning: conversion to ‘int’ from ‘std::basic_string<char>::size_type {aka long unsigned int}’ may alter its value [-Wconversion]
           AES_set_encrypt_key(askey, key.size() * 8, &m_encKey);
                                                 ^
         /home/admin/projects/client/AesCrypto.cpp:10:40: warning: conversion to ‘int’ from ‘std::basic_string<char>::size_type {aka long unsigned int}’ may alter its value [-Wconversion]
           AES_set_decrypt_key(askey, key.size() * 8, &m_decKey);
                                                 ^
         /home/admin/projects/client/AesCrypto.cpp: In member function ‘std::string AesCrypto::aesCrypto(std::string, int)’:
         /home/admin/projects/client/AesCrypto.cpp:35:35: warning: conversion to ‘int’ from ‘std::basic_string<char>::size_type {aka long unsigned int}’ may alter its value [-Wconversion]
            length = (data.size() % 16 + 1) * 16;
                                            ^
         /home/admin/projects/client/AesCrypto.cpp: In constructor ‘AesCrypto::AesCrypto(std::string)’:
         /home/admin/projects/client/AesCrypto.cpp:9:40: warning: conversion to ‘int’ from ‘std::basic_string<char>::size_type {aka long unsigned int}’ may alter its value [-Wconversion]
           AES_set_encrypt_key(askey, key.size() * 8, &m_encKey);
                                                 ^
         /home/admin/projects/client/AesCrypto.cpp:10:40: warning: conversion to ‘int’ from ‘std::basic_string<char>::size_type {aka long unsigned int}’ may alter its value [-Wconversion]
           AES_set_decrypt_key(askey, key.size() * 8, &m_decKey);
                                                 ^
         /home/admin/projects/client/AesCrypto.cpp: In member function ‘std::string AesCrypto::aesCrypto(std::string, int)’:
         /home/admin/projects/client/AesCrypto.cpp:35:35: warning: conversion to ‘int’ from ‘std::basic_string<char>::size_type {aka long unsigned int}’ may alter its value [-Wconversion]
            length = (data.size() % 16 + 1) * 16;
                                            ^
         /home/admin/projects/client/AesCrypto.cpp:39:23: warning: conversion to ‘int’ from ‘std::basic_string<char>::size_type {aka long unsigned int}’ may alter its value [-Wconversion]
            length = data.size()+1;
                                ^
         /home/admin/projects/client/AesCrypto.cpp:39:23: warning: conversion to ‘int’ from ‘std::basic_string<char>::size_type {aka long unsigned int}’ may alter its value [-Wconversion]
            length = data.size()+1;
                                ^
         
     1>E:\work\project1\dataEncProject\client\client\AesCrypto.cpp(9,40): warning : conversion to ‘int’ from ‘std::basic_string<char>::size_type {aka long unsigned int}’ may alter its value [-Wconversion]
     1>E:\work\project1\dataEncProject\client\client\AesCrypto.cpp(10,40): warning : conversion to ‘int’ from ‘std::basic_string<char>::size_type {aka long unsigned int}’ may alter its value [-Wconversion]
     1>E:\work\project1\dataEncProject\client\client\AesCrypto.cpp(35,35): warning : conversion to ‘int’ from ‘std::basic_string<char>::size_type {aka long unsigned int}’ may alter its value [-Wconversion]
     1>E:\work\project1\dataEncProject\client\client\AesCrypto.cpp(39,23): warning : conversion to ‘int’ from ‘std::basic_string<char>::size_type {aka long unsigned int}’ may alter its value [-Wconversion]
         Done compiling '/home/admin/projects/client/AesCrypto.cpp'
         Invoking 'g++'
         g++ -c -x c++ /home/admin/projects/client/codec.cpp -g2 -gdwarf-2 -o "/home/admin/projects/client/obj/x64/Debug/codec.o" -Wall -Wswitch -W"no-deprecated-declarations" -W"empty-body" -Wconversion -W"return-type" -Wparentheses -W"no-format" -Wuninitialized -W"unreachable-code" -W"unused-function" -W"unused-value" -W"unused-variable" -O0 -fno-strict-aliasing -fno-omit-frame-pointer -fthreadsafe-statics -fexceptions -frtti -std=c++11
         codec.cpp
         Done compiling '/home/admin/projects/client/codec.cpp'
         Invoking 'g++'
         g++ -c -x c++ /home/admin/projects/client/codecFactory.cpp -g2 -gdwarf-2 -o "/home/admin/projects/client/obj/x64/Debug/codecFactory.o" -Wall -Wswitch -W"no-deprecated-declarations" -W"empty-body" -Wconversion -W"return-type" -Wparentheses -W"no-format" -Wuninitialized -W"unreachable-code" -W"unused-function" -W"unused-value" -W"unused-variable" -O0 -fno-strict-aliasing -fno-omit-frame-pointer -fthreadsafe-statics -fexceptions -frtti -std=c++11
         codecFactory.cpp
         Done compiling '/home/admin/projects/client/codecFactory.cpp'
         Invoking 'g++'
         g++ -c -x c++ /home/admin/projects/client/Cryptographic.cpp -g2 -gdwarf-2 -o "/home/admin/projects/client/obj/x64/Debug/Cryptographic.o" -Wall -Wswitch -W"no-deprecated-declarations" -W"empty-body" -Wconversion -W"return-type" -Wparentheses -W"no-format" -Wuninitialized -W"unreachable-code" -W"unused-function" -W"unused-value" -W"unused-variable" -O0 -fno-strict-aliasing -fno-omit-frame-pointer -fthreadsafe-statics -fexceptions -frtti -std=c++11
         Cryptographic.cpp
         /home/admin/projects/client/Cryptographic.cpp: In member function ‘void Cryptographic::generateKeyFile(int, std::string, std::string)’:
         /home/admin/projects/client/Cryptographic.cpp:45:18: warning: value computed is not used [-Wunused-value]
           BIO_flush(pubIO);
                           ^
         /home/admin/projects/client/Cryptographic.cpp:53:18: warning: value computed is not used [-Wunused-value]
           BIO_flush(priIO);
                           ^
         /home/admin/projects/client/Cryptographic.cpp: In member function ‘std::string Cryptographic::rsaPubKeyEncrypt(std::string)’:
         /home/admin/projects/client/Cryptographic.cpp:68:39: warning: conversion to ‘int’ from ‘std::basic_string<char>::size_type {aka long unsigned int}’ may alter its value [-Wconversion]
           int ret=RSA_public_encrypt(data.size(), (const unsigned char*)data.data()
                                                ^
         /home/admin/projects/client/Cryptographic.cpp: In member function ‘void Cryptographic::generateKeyFile(int, std::string, std::string)’:
         /home/admin/projects/client/Cryptographic.cpp:45:18: warning: value computed is not used [-Wunused-value]
           BIO_flush(pubIO);
                           ^
         /home/admin/projects/client/Cryptographic.cpp:53:18: warning: value computed is not used [-Wunused-value]
           BIO_flush(priIO);
                           ^
         /home/admin/projects/client/Cryptographic.cpp: In member function ‘std::string Cryptographic::rsaPubKeyEncrypt(std::string)’:
         /home/admin/projects/client/Cryptographic.cpp:68:39: warning: conversion to ‘int’ from ‘std::basic_string<char>::size_type {aka long unsigned int}’ may alter its value [-Wconversion]
           int ret=RSA_public_encrypt(data.size(), (const unsigned char*)data.data()
                                                ^
         /home/admin/projects/client/Cryptographic.cpp: In member function ‘std::string Cryptographic::rsaPriKeyDecrypt(std::string)’:
         /home/admin/projects/client/Cryptographic.cpp:86:45: warning: conversion to ‘int’ from ‘std::basic_string<char>::size_type {aka long unsigned int}’ may alter its value [-Wconversion]
           int ret = RSA_private_encrypt(encData.size(), (const unsigned char*)encData.data()
                                                      ^
         /home/admin/projects/client/Cryptographic.cpp: In member function ‘std::string Cryptographic::rsaSign(std::string, SignLevel)’:
         /home/admin/projects/client/Cryptographic.cpp:103:63: warning: conversion to ‘unsigned int’ from ‘std::basic_string<char>::size_type {aka long unsigned int}’ may alter its value [-Wconversion]
           RSA_sign(level, (const unsigned char*)data.data(), data.size()
                                                                        ^
         /home/admin/projects/client/Cryptographic.cpp: In member function ‘bool Cryptographic::rsaVerify(std::string, std::string, SignLevel)’:
         /home/admin/projects/client/Cryptographic.cpp:113:75: warning: conversion to ‘unsigned int’ from ‘std::basic_string<char>::size_type {aka long unsigned int}’ may alter its value [-Wconversion]
           int ret = RSA_verify(level, (const unsigned char*)data.data(), data.size(),
                                                                                    ^
         /home/admin/projects/client/Cryptographic.cpp:114:56: warning: conversion to ‘unsigned int’ from ‘std::basic_string<char>::size_type {aka long unsigned int}’ may alter its value [-Wconversion]
            (const unsigned char*)signData.data(), signData.size(), m_publicKey);
                                                                 ^
         /home/admin/projects/client/Cryptographic.cpp: In member function ‘bool Cryptographic::initPublicKey(std::string)’:
         /home/admin/projects/client/Cryptographic.cpp:127:72: warning: suggest braces around empty body in an ‘if’ statement [-Wempty-body]
           if (PEM_read_bio_RSAPublicKey(pubBio, &m_publicKey, NULL, NULL)==NULL);
                                                                                 ^
         /home/admin/projects/client/Cryptographic.cpp: In member function ‘bool Cryptographic::initPrivateKey(std::string)’:
         /home/admin/projects/client/Cryptographic.cpp:141:76: warning: suggest braces around empty body in an ‘if’ statement [-Wempty-body]
           if (PEM_read_bio_RSAPrivateKey(priBio, &m_privateKey, NULL, NULL) == NULL);
                                                                                     ^
         /home/admin/projects/client/Cryptographic.cpp: In member function ‘std::string Cryptographic::rsaPriKeyDecrypt(std::string)’:
         /home/admin/projects/client/Cryptographic.cpp:86:45: warning: conversion to ‘int’ from ‘std::basic_string<char>::size_type {aka long unsigned int}’ may alter its value [-Wconversion]
           int ret = RSA_private_encrypt(encData.size(), (const unsigned char*)encData.data()
                                                      ^
         /home/admin/projects/client/Cryptographic.cpp: In member function ‘std::string Cryptographic::rsaSign(std::string, SignLevel)’:
         /home/admin/projects/client/Cryptographic.cpp:103:63: warning: conversion to ‘unsigned int’ from ‘std::basic_string<char>::size_type {aka long unsigned int}’ may alter its value [-Wconversion]
           RSA_sign(level, (const unsigned char*)data.data(), data.size()
                                                                        ^
         /home/admin/projects/client/Cryptographic.cpp: In member function ‘bool Cryptographic::rsaVerify(std::string, std::string, SignLevel)’:
         /home/admin/projects/client/Cryptographic.cpp:113:75: warning: conversion to ‘unsigned int’ from ‘std::basic_string<char>::size_type {aka long unsigned int}’ may alter its value [-Wconversion]
           int ret = RSA_verify(level, (const unsigned char*)data.data(), data.size(),
                                                                                    ^
         /home/admin/projects/client/Cryptographic.cpp:114:56: warning: conversion to ‘unsigned int’ from ‘std::basic_string<char>::size_type {aka long unsigned int}’ may alter its value [-Wconversion]
            (const unsigned char*)signData.data(), signData.size(), m_publicKey);
                                                                 ^
         /home/admin/projects/client/Cryptographic.cpp: In member function ‘bool Cryptographic::initPublicKey(std::string)’:
         /home/admin/projects/client/Cryptographic.cpp:127:72: warning: suggest braces around empty body in an ‘if’ statement [-Wempty-body]
           if (PEM_read_bio_RSAPublicKey(pubBio, &m_publicKey, NULL, NULL)==NULL);
                                                                                 ^
         /home/admin/projects/client/Cryptographic.cpp: In member function ‘bool Cryptographic::initPrivateKey(std::string)’:
         /home/admin/projects/client/Cryptographic.cpp:141:76: warning: suggest braces around empty body in an ‘if’ statement [-Wempty-body]
           if (PEM_read_bio_RSAPrivateKey(priBio, &m_privateKey, NULL, NULL) == NULL);
                                                                                     ^
         
     1>E:\work\project1\dataEncProject\client\client\Cryptographic.cpp(45,18): warning : value computed is not used [-Wunused-value]
     1>E:\work\project1\dataEncProject\client\client\Cryptographic.cpp(53,18): warning : value computed is not used [-Wunused-value]
     1>E:\work\project1\dataEncProject\client\client\Cryptographic.cpp(68,39): warning : conversion to ‘int’ from ‘std::basic_string<char>::size_type {aka long unsigned int}’ may alter its value [-Wconversion]
     1>E:\work\project1\dataEncProject\client\client\Cryptographic.cpp(86,45): warning : conversion to ‘int’ from ‘std::basic_string<char>::size_type {aka long unsigned int}’ may alter its value [-Wconversion]
     1>E:\work\project1\dataEncProject\client\client\Cryptographic.cpp(103,63): warning : conversion to ‘unsigned int’ from ‘std::basic_string<char>::size_type {aka long unsigned int}’ may alter its value [-Wconversion]
     1>E:\work\project1\dataEncProject\client\client\Cryptographic.cpp(113,75): warning : conversion to ‘unsigned int’ from ‘std::basic_string<char>::size_type {aka long unsigned int}’ may alter its value [-Wconversion]
     1>E:\work\project1\dataEncProject\client\client\Cryptographic.cpp(114,56): warning : conversion to ‘unsigned int’ from ‘std::basic_string<char>::size_type {aka long unsigned int}’ may alter its value [-Wconversion]
     1>E:\work\project1\dataEncProject\client\client\Cryptographic.cpp(127,72): warning : suggest braces around empty body in an ‘if’ statement [-Wempty-body]
     1>E:\work\project1\dataEncProject\client\client\Cryptographic.cpp(141,76): warning : suggest braces around empty body in an ‘if’ statement [-Wempty-body]
         Done compiling '/home/admin/projects/client/Cryptographic.cpp'
         Invoking 'g++'
         g++ -c -x c++ /home/admin/projects/client/Hash.cpp -g2 -gdwarf-2 -o "/home/admin/projects/client/obj/x64/Debug/Hash.o" -Wall -Wswitch -W"no-deprecated-declarations" -W"empty-body" -Wconversion -W"return-type" -Wparentheses -W"no-format" -Wuninitialized -W"unreachable-code" -W"unused-function" -W"unused-value" -W"unused-variable" -O0 -fno-strict-aliasing -fno-omit-frame-pointer -fthreadsafe-statics -fexceptions -frtti -std=c++11
         Hash.cpp
         Done compiling '/home/admin/projects/client/Hash.cpp'
         Invoking 'g++'
         g++ -c -x c++ /home/admin/projects/client/main.cpp -g2 -gdwarf-2 -o "/home/admin/projects/client/obj/x64/Debug/main.o" -Wall -Wswitch -W"no-deprecated-declarations" -W"empty-body" -Wconversion -W"return-type" -Wparentheses -W"no-format" -Wuninitialized -W"unreachable-code" -W"unused-function" -W"unused-value" -W"unused-variable" -O0 -fno-strict-aliasing -fno-omit-frame-pointer -fthreadsafe-statics -fexceptions -frtti -std=c++11
         main.cpp
         Done compiling '/home/admin/projects/client/main.cpp'
         Invoking 'g++'
         g++ -c -x c++ /home/admin/projects/client/msg.pb.cc -g2 -gdwarf-2 -o "/home/admin/projects/client/obj/x64/Debug/msg.pb.o" -Wall -Wswitch -W"no-deprecated-declarations" -W"empty-body" -Wconversion -W"return-type" -Wparentheses -W"no-format" -Wuninitialized -W"unreachable-code" -W"unused-function" -W"unused-value" -W"unused-variable" -O0 -fno-strict-aliasing -fno-omit-frame-pointer -fthreadsafe-statics -fexceptions -frtti -std=c++11
         msg.pb.cc
         Done compiling '/home/admin/projects/client/msg.pb.cc'
         Invoking 'g++'
         g++ -c -x c++ /home/admin/projects/client/Request.cpp -g2 -gdwarf-2 -o "/home/admin/projects/client/obj/x64/Debug/Request.o" -Wall -Wswitch -W"no-deprecated-declarations" -W"empty-body" -Wconversion -W"return-type" -Wparentheses -W"no-format" -Wuninitialized -W"unreachable-code" -W"unused-function" -W"unused-value" -W"unused-variable" -O0 -fno-strict-aliasing -fno-omit-frame-pointer -fthreadsafe-statics -fexceptions -frtti -std=c++11
         Request.cpp
         Done compiling '/home/admin/projects/client/Request.cpp'
         Invoking 'g++'
         g++ -c -x c++ /home/admin/projects/client/RequestFactory.cpp -g2 -gdwarf-2 -o "/home/admin/projects/client/obj/x64/Debug/RequestFactory.o" -Wall -Wswitch -W"no-deprecated-declarations" -W"empty-body" -Wconversion -W"return-type" -Wparentheses -W"no-format" -Wuninitialized -W"unreachable-code" -W"unused-function" -W"unused-value" -W"unused-variable" -O0 -fno-strict-aliasing -fno-omit-frame-pointer -fthreadsafe-statics -fexceptions -frtti -std=c++11
         RequestFactory.cpp
         Done compiling '/home/admin/projects/client/RequestFactory.cpp'
         Invoking 'g++'
         g++ -c -x c++ /home/admin/projects/client/RespondFactory.cpp -g2 -gdwarf-2 -o "/home/admin/projects/client/obj/x64/Debug/RespondFactory.o" -Wall -Wswitch -W"no-deprecated-declarations" -W"empty-body" -Wconversion -W"return-type" -Wparentheses -W"no-format" -Wuninitialized -W"unreachable-code" -W"unused-function" -W"unused-value" -W"unused-variable" -O0 -fno-strict-aliasing -fno-omit-frame-pointer -fthreadsafe-statics -fexceptions -frtti -std=c++11
         RespondFactory.cpp
         Done compiling '/home/admin/projects/client/RespondFactory.cpp'
         Invoking 'g++'
         g++ -c -x c++ /home/admin/projects/client/Response.cpp -g2 -gdwarf-2 -o "/home/admin/projects/client/obj/x64/Debug/Response.o" -Wall -Wswitch -W"no-deprecated-declarations" -W"empty-body" -Wconversion -W"return-type" -Wparentheses -W"no-format" -Wuninitialized -W"unreachable-code" -W"unused-function" -W"unused-value" -W"unused-variable" -O0 -fno-strict-aliasing -fno-omit-frame-pointer -fthreadsafe-statics -fexceptions -frtti -std=c++11
         Response.cpp
         Done compiling '/home/admin/projects/client/Response.cpp'
         Invoking 'g++'
         g++ -c -x c++ /home/admin/projects/client/TcpServer.cpp -g2 -gdwarf-2 -o "/home/admin/projects/client/obj/x64/Debug/TcpServer.o" -Wall -Wswitch -W"no-deprecated-declarations" -W"empty-body" -Wconversion -W"return-type" -Wparentheses -W"no-format" -Wuninitialized -W"unreachable-code" -W"unused-function" -W"unused-value" -W"unused-variable" -O0 -fno-strict-aliasing -fno-omit-frame-pointer -fthreadsafe-statics -fexceptions -frtti -std=c++11
         TcpServer.cpp
         Done compiling '/home/admin/projects/client/TcpServer.cpp'
         Invoking 'g++'
         g++ -c -x c++ /home/admin/projects/client/TcpSocket.cpp -g2 -gdwarf-2 -o "/home/admin/projects/client/obj/x64/Debug/TcpSocket.o" -Wall -Wswitch -W"no-deprecated-declarations" -W"empty-body" -Wconversion -W"return-type" -Wparentheses -W"no-format" -Wuninitialized -W"unreachable-code" -W"unused-function" -W"unused-value" -W"unused-variable" -O0 -fno-strict-aliasing -fno-omit-frame-pointer -fthreadsafe-statics -fexceptions -frtti -std=c++11
         TcpSocket.cpp
         /home/admin/projects/client/TcpSocket.cpp: In member function ‘int TcpSocket::sendMsg(std::string, int)’:
         /home/admin/projects/client/TcpSocket.cpp:75:33: warning: conversion to ‘int’ from ‘std::basic_string<char>::size_type {aka long unsigned int}’ may alter its value [-Wconversion]
            int dataLen = sendData.size() + 4;
                                          ^
         /home/admin/projects/client/TcpSocket.cpp:85:36: warning: conversion to ‘uint32_t {aka unsigned int}’ from ‘std::basic_string<char>::size_type {aka long unsigned int}’ may alter its value [-Wconversion]
            int netlen = htonl(sendData.size());
                                             ^
         /home/admin/projects/client/TcpSocket.cpp: In member function ‘int TcpSocket::readn(void*, int)’:
         /home/admin/projects/client/TcpSocket.cpp:407:17: warning: conversion to ‘int’ from ‘size_t {aka long unsigned int}’ may alter its value [-Wconversion]
             return count - nleft;
                          ^
         /home/admin/projects/client/TcpSocket.cpp: In member function ‘int TcpSocket::sendMsg(std::string, int)’:
         /home/admin/projects/client/TcpSocket.cpp:75:33: warning: conversion to ‘int’ from ‘std::basic_string<char>::size_type {aka long unsigned int}’ may alter its value [-Wconversion]
            int dataLen = sendData.size() + 4;
                                          ^
         /home/admin/projects/client/TcpSocket.cpp:85:36: warning: conversion to ‘uint32_t {aka unsigned int}’ from ‘std::basic_string<char>::size_type {aka long unsigned int}’ may alter its value [-Wconversion]
            int netlen = htonl(sendData.size());
                                             ^
         /home/admin/projects/client/TcpSocket.cpp: In member function ‘int TcpSocket::readn(void*, int)’:
         /home/admin/projects/client/TcpSocket.cpp:407:17: warning: conversion to ‘int’ from ‘size_t {aka long unsigned int}’ may alter its value [-Wconversion]
             return count - nleft;
                          ^
         
     1>E:\work\project1\dataEncProject\client\client\TcpSocket.cpp(75,33): warning : conversion to ‘int’ from ‘std::basic_string<char>::size_type {aka long unsigned int}’ may alter its value [-Wconversion]
     1>E:\work\project1\dataEncProject\client\client\TcpSocket.cpp(85,36): warning : conversion to ‘uint32_t {aka unsigned int}’ from ‘std::basic_string<char>::size_type {aka long unsigned int}’ may alter its value [-Wconversion]
     1>E:\work\project1\dataEncProject\client\client\TcpSocket.cpp(407,17): warning : conversion to ‘int’ from ‘size_t {aka long unsigned int}’ may alter its value [-Wconversion]
         Done compiling '/home/admin/projects/client/TcpSocket.cpp'
       Link:
         Linking objects
         Invoking 'ld'
         g++ -o "/home/admin/projects/client/bin/x64/Debug/client.out" -Wl,--no-undefined -Wl,-z,relro -Wl,-z,now -Wl,-z,noexecstack /home/admin/projects/client/obj/x64/Debug/AesCrypto.o /home/admin/projects/client/obj/x64/Debug/codec.o /home/admin/projects/client/obj/x64/Debug/codecFactory.o /home/admin/projects/client/obj/x64/Debug/Cryptographic.o /home/admin/projects/client/obj/x64/Debug/Hash.o /home/admin/projects/client/obj/x64/Debug/main.o /home/admin/projects/client/obj/x64/Debug/msg.pb.o /home/admin/projects/client/obj/x64/Debug/Request.o /home/admin/projects/client/obj/x64/Debug/RequestFactory.o /home/admin/projects/client/obj/x64/Debug/RespondFactory.o /home/admin/projects/client/obj/x64/Debug/Response.o /home/admin/projects/client/obj/x64/Debug/TcpServer.o /home/admin/projects/client/obj/x64/Debug/TcpSocket.o -lpthread -lprotobuf -ljson -lcrypto -lssl
         Done linking, output file name: '/home/admin/projects/client/bin/x64/Debug/client.out'
         Copying file '/home/admin/projects/client/bin/x64/Debug/client.out' to 'E:\work\project1\dataEncProject\client\client\bin\x64\Debug\client.out'
         client.vcxproj -> E:\work\project1\dataEncProject\client\client\bin\x64\Debug\client.out
       FinalizeBuildStatus:
         正在删除文件“E:\work\project1\dataEncProject\client\client\obj\x64\Debug\client.tlog\unsuccessfulbuild”。
         正在对“E:\work\project1\dataEncProject\client\client\obj\x64\Debug\client.tlog\client.lastbuildstate”执行 Touch 任务。
     1>已完成生成项目“E:\work\project1\dataEncProject\client\client\client.vcxproj”(Rebuild 个目标)的操作。

已成功生成。

       “E:\work\project1\dataEncProject\client\client\client.vcxproj”(Rebuild 目标) (1) ->
       (ClCompile 目标) -> 
         E:\work\project1\dataEncProject\client\client\AesCrypto.cpp(9,40): warning : conversion to ‘int’ from ‘std::basic_string<char>::size_type {aka long unsigned int}’ may alter its value [-Wconversion]
         E:\work\project1\dataEncProject\client\client\AesCrypto.cpp(10,40): warning : conversion to ‘int’ from ‘std::basic_string<char>::size_type {aka long unsigned int}’ may alter its value [-Wconversion]
         E:\work\project1\dataEncProject\client\client\AesCrypto.cpp(35,35): warning : conversion to ‘int’ from ‘std::basic_string<char>::size_type {aka long unsigned int}’ may alter its value [-Wconversion]
         E:\work\project1\dataEncProject\client\client\AesCrypto.cpp(39,23): warning : conversion to ‘int’ from ‘std::basic_string<char>::size_type {aka long unsigned int}’ may alter its value [-Wconversion]
         E:\work\project1\dataEncProject\client\client\Cryptographic.cpp(45,18): warning : value computed is not used [-Wunused-value]
         E:\work\project1\dataEncProject\client\client\Cryptographic.cpp(53,18): warning : value computed is not used [-Wunused-value]
         E:\work\project1\dataEncProject\client\client\Cryptographic.cpp(68,39): warning : conversion to ‘int’ from ‘std::basic_string<char>::size_type {aka long unsigned int}’ may alter its value [-Wconversion]
         E:\work\project1\dataEncProject\client\client\Cryptographic.cpp(86,45): warning : conversion to ‘int’ from ‘std::basic_string<char>::size_type {aka long unsigned int}’ may alter its value [-Wconversion]
         E:\work\project1\dataEncProject\client\client\Cryptographic.cpp(103,63): warning : conversion to ‘unsigned int’ from ‘std::basic_string<char>::size_type {aka long unsigned int}’ may alter its value [-Wconversion]
         E:\work\project1\dataEncProject\client\client\Cryptographic.cpp(113,75): warning : conversion to ‘unsigned int’ from ‘std::basic_string<char>::size_type {aka long unsigned int}’ may alter its value [-Wconversion]
         E:\work\project1\dataEncProject\client\client\Cryptographic.cpp(114,56): warning : conversion to ‘unsigned int’ from ‘std::basic_string<char>::size_type {aka long unsigned int}’ may alter its value [-Wconversion]
         E:\work\project1\dataEncProject\client\client\Cryptographic.cpp(127,72): warning : suggest braces around empty body in an ‘if’ statement [-Wempty-body]
         E:\work\project1\dataEncProject\client\client\Cryptographic.cpp(141,76): warning : suggest braces around empty body in an ‘if’ statement [-Wempty-body]
         E:\work\project1\dataEncProject\client\client\TcpSocket.cpp(75,33): warning : conversion to ‘int’ from ‘std::basic_string<char>::size_type {aka long unsigned int}’ may alter its value [-Wconversion]
         E:\work\project1\dataEncProject\client\client\TcpSocket.cpp(85,36): warning : conversion to ‘uint32_t {aka unsigned int}’ from ‘std::basic_string<char>::size_type {aka long unsigned int}’ may alter its value [-Wconversion]
         E:\work\project1\dataEncProject\client\client\TcpSocket.cpp(407,17): warning : conversion to ‘int’ from ‘size_t {aka long unsigned int}’ may alter its value [-Wconversion]

    16 个警告
    0 个错误

已用时间 00:01:00.19
